mode: set
finalproject-BE/business/paymentMethods/usecase.go:14.78,19.2 1 1
finalproject-BE/business/paymentMethods/usecase.go:22.102,23.29 1 1
finalproject-BE/business/paymentMethods/usecase.go:26.2,27.16 2 1
finalproject-BE/business/paymentMethods/usecase.go:30.2,30.21 1 1
finalproject-BE/business/paymentMethods/usecase.go:23.29,25.3 1 1
finalproject-BE/business/paymentMethods/usecase.go:27.16,29.3 1 0
finalproject-BE/business/paymentMethods/usecase.go:34.92,37.16 2 1
finalproject-BE/business/paymentMethods/usecase.go:40.2,40.21 1 1
finalproject-BE/business/paymentMethods/usecase.go:37.16,39.3 1 0
finalproject-BE/business/transactions/usecase.go:14.76,19.2 1 1
finalproject-BE/business/transactions/usecase.go:22.98,23.31 1 1
finalproject-BE/business/transactions/usecase.go:26.2,27.16 2 1
finalproject-BE/business/transactions/usecase.go:30.2,30.25 1 1
finalproject-BE/business/transactions/usecase.go:23.31,25.3 1 1
finalproject-BE/business/transactions/usecase.go:27.16,29.3 1 0
finalproject-BE/business/transactions/usecase.go:34.88,37.16 2 1
finalproject-BE/business/transactions/usecase.go:40.2,40.25 1 1
finalproject-BE/business/transactions/usecase.go:37.16,39.3 1 0
finalproject-BE/business/donationTypes/usecase.go:14.77,19.2 1 1
finalproject-BE/business/donationTypes/usecase.go:21.100,22.23 1 1
finalproject-BE/business/donationTypes/usecase.go:25.2,27.16 2 1
finalproject-BE/business/donationTypes/usecase.go:30.2,30.26 1 1
finalproject-BE/business/donationTypes/usecase.go:22.23,24.3 1 1
finalproject-BE/business/donationTypes/usecase.go:27.16,29.3 1 0
finalproject-BE/business/donationTypes/usecase.go:34.87,37.16 2 1
finalproject-BE/business/donationTypes/usecase.go:40.2,40.26 1 1
finalproject-BE/business/donationTypes/usecase.go:37.16,39.3 1 0
finalproject-BE/business/donationTypes/usecase.go:43.99,45.16 2 1
finalproject-BE/business/donationTypes/usecase.go:48.2,48.26 1 1
finalproject-BE/business/donationTypes/usecase.go:45.16,47.3 1 1
finalproject-BE/business/donationTypes/usecase.go:51.111,55.23 3 1
finalproject-BE/business/donationTypes/usecase.go:59.2,63.16 3 1
finalproject-BE/business/donationTypes/usecase.go:66.2,66.22 1 1
finalproject-BE/business/donationTypes/usecase.go:55.23,57.3 1 1
finalproject-BE/business/donationTypes/usecase.go:63.16,65.3 1 0
finalproject-BE/business/donationTypes/usecase.go:69.86,71.16 2 1
finalproject-BE/business/donationTypes/usecase.go:74.2,74.12 1 1
finalproject-BE/business/donationTypes/usecase.go:71.16,73.3 1 1
finalproject-BE/business/donations/usecase.go:14.73,19.2 1 1
finalproject-BE/business/donations/usecase.go:22.92,23.31 1 1
finalproject-BE/business/donations/usecase.go:26.2,26.35 1 1
finalproject-BE/business/donations/usecase.go:29.2,29.28 1 1
finalproject-BE/business/donations/usecase.go:33.2,34.16 2 1
finalproject-BE/business/donations/usecase.go:37.2,37.22 1 1
finalproject-BE/business/donations/usecase.go:23.31,25.3 1 0
finalproject-BE/business/donations/usecase.go:26.35,28.3 1 0
finalproject-BE/business/donations/usecase.go:29.28,31.3 1 1
finalproject-BE/business/donations/usecase.go:34.16,36.3 1 0
finalproject-BE/business/donations/usecase.go:41.82,44.16 2 1
finalproject-BE/business/donations/usecase.go:47.2,47.22 1 1
finalproject-BE/business/donations/usecase.go:44.16,46.3 1 0
finalproject-BE/business/donations/usecase.go:50.91,52.16 2 1
finalproject-BE/business/donations/usecase.go:55.2,55.22 1 1
finalproject-BE/business/donations/usecase.go:52.16,54.3 1 1
finalproject-BE/business/donations/usecase.go:58.103,62.31 3 1
finalproject-BE/business/donations/usecase.go:65.2,65.35 1 1
finalproject-BE/business/donations/usecase.go:68.2,68.28 1 1
finalproject-BE/business/donations/usecase.go:72.2,76.16 3 1
finalproject-BE/business/donations/usecase.go:79.2,79.22 1 1
finalproject-BE/business/donations/usecase.go:62.31,64.3 1 0
finalproject-BE/business/donations/usecase.go:65.35,67.3 1 0
finalproject-BE/business/donations/usecase.go:68.28,70.3 1 1
finalproject-BE/business/donations/usecase.go:76.16,78.3 1 0
finalproject-BE/business/donations/usecase.go:82.78,84.16 2 1
finalproject-BE/business/donations/usecase.go:87.2,87.12 1 1
finalproject-BE/business/donations/usecase.go:84.16,86.3 1 1
finalproject-BE/business/users/usecase.go:17.101,23.2 1 1
finalproject-BE/business/users/usecase.go:27.82,31.24 3 1
finalproject-BE/business/users/usecase.go:35.2,35.27 1 1
finalproject-BE/business/users/usecase.go:39.2,42.18 3 1
finalproject-BE/business/users/usecase.go:46.2,46.16 1 1
finalproject-BE/business/users/usecase.go:50.2,52.18 2 1
finalproject-BE/business/users/usecase.go:31.24,33.3 1 1
finalproject-BE/business/users/usecase.go:35.27,37.3 1 1
finalproject-BE/business/users/usecase.go:42.18,44.3 1 0
finalproject-BE/business/users/usecase.go:46.16,48.3 1 0
finalproject-BE/business/users/usecase.go:56.85,60.23 3 1
finalproject-BE/business/users/usecase.go:63.2,63.24 1 1
finalproject-BE/business/users/usecase.go:66.2,66.27 1 1
finalproject-BE/business/users/usecase.go:70.2,73.16 3 1
finalproject-BE/business/users/usecase.go:77.2,79.16 2 1
finalproject-BE/business/users/usecase.go:82.2,82.18 1 1
finalproject-BE/business/users/usecase.go:60.23,62.3 1 0
finalproject-BE/business/users/usecase.go:63.24,65.3 1 0
finalproject-BE/business/users/usecase.go:66.27,68.3 1 1
finalproject-BE/business/users/usecase.go:73.16,75.3 1 0
finalproject-BE/business/users/usecase.go:79.16,81.3 1 0
finalproject-BE/business/users/usecase.go:86.74,89.16 2 1
finalproject-BE/business/users/usecase.go:92.2,92.18 1 1
finalproject-BE/business/users/usecase.go:89.16,91.3 1 0
finalproject-BE/business/users/usecase.go:95.83,98.16 2 1
finalproject-BE/business/users/usecase.go:101.2,101.18 1 1
finalproject-BE/business/users/usecase.go:98.16,100.3 1 1
finalproject-BE/business/users/usecase.go:104.95,108.23 3 1
finalproject-BE/business/users/usecase.go:111.2,111.24 1 1
finalproject-BE/business/users/usecase.go:114.2,114.27 1 1
finalproject-BE/business/users/usecase.go:118.2,123.16 3 1
finalproject-BE/business/users/usecase.go:127.2,129.16 2 1
finalproject-BE/business/users/usecase.go:132.2,132.18 1 1
finalproject-BE/business/users/usecase.go:108.23,110.3 1 0
finalproject-BE/business/users/usecase.go:111.24,113.3 1 0
finalproject-BE/business/users/usecase.go:114.27,116.3 1 1
finalproject-BE/business/users/usecase.go:123.16,125.3 1 0
finalproject-BE/business/users/usecase.go:129.16,131.3 1 0
finalproject-BE/business/users/usecase.go:135.70,137.16 2 1
finalproject-BE/business/users/usecase.go:140.2,140.12 1 1
finalproject-BE/business/users/usecase.go:137.16,139.3 1 1
finalproject-BE/business/donationDetails/usecase.go:14.79,19.2 1 1
finalproject-BE/business/donationDetails/usecase.go:21.112,22.30 1 1
finalproject-BE/business/donationDetails/usecase.go:26.2,29.16 3 1
finalproject-BE/business/donationDetails/usecase.go:32.2,32.28 1 1
finalproject-BE/business/donationDetails/usecase.go:22.30,24.3 1 1
finalproject-BE/business/donationDetails/usecase.go:29.16,31.3 1 0
finalproject-BE/business/donationDetails/usecase.go:35.115,39.30 3 1
finalproject-BE/business/donationDetails/usecase.go:43.2,47.16 3 1
finalproject-BE/business/donationDetails/usecase.go:50.2,50.22 1 1
finalproject-BE/business/donationDetails/usecase.go:39.30,41.3 1 1
finalproject-BE/business/donationDetails/usecase.go:47.16,49.3 1 0
finalproject-BE/business/donationDetails/usecase.go:53.90,55.16 2 1
finalproject-BE/business/donationDetails/usecase.go:58.2,58.12 1 1
finalproject-BE/business/donationDetails/usecase.go:55.16,57.3 1 1
